0 info it worked if it ends with ok
1 verbose cli [ '/usr/local/bin/node', '/usr/local/bin/npm', 'publish' ]
2 info using npm@3.9.5
3 info using node@v4.4.5
4 verbose publish [ '.' ]
5 silly cache add args [ '.', null ]
6 verbose cache add spec .
7 silly cache add parsed spec Result {
7 silly cache add   raw: '.',
7 silly cache add   scope: null,
7 silly cache add   name: null,
7 silly cache add   rawSpec: '.',
7 silly cache add   spec: '/Users/tangciwei/work/github/vue-validator-manage',
7 silly cache add   type: 'directory' }
8 verbose addLocalDirectory /Users/tangciwei/.npm/vue-validator-manage/1.0.1/package.tgz not in flight; packing
9 verbose correctMkdir /Users/tangciwei/.npm correctMkdir not in flight; initializing
10 info lifecycle vue-validator-manage@1.0.1~prepublish: vue-validator-manage@1.0.1
11 silly lifecycle vue-validator-manage@1.0.1~prepublish: no script for prepublish, continuing
12 verbose tar pack [ '/Users/tangciwei/.npm/vue-validator-manage/1.0.1/package.tgz',
12 verbose tar pack   '/Users/tangciwei/work/github/vue-validator-manage' ]
13 verbose tarball /Users/tangciwei/.npm/vue-validator-manage/1.0.1/package.tgz
14 verbose folder /Users/tangciwei/work/github/vue-validator-manage
15 verbose addLocalTarball adding from inside cache /Users/tangciwei/.npm/vue-validator-manage/1.0.1/package.tgz
16 verbose correctMkdir /Users/tangciwei/.npm correctMkdir not in flight; initializing
17 silly cache afterAdd vue-validator-manage@1.0.1
18 verbose afterAdd /Users/tangciwei/.npm/vue-validator-manage/1.0.1/package/package.json not in flight; writing
19 verbose correctMkdir /Users/tangciwei/.npm correctMkdir not in flight; initializing
20 verbose afterAdd /Users/tangciwei/.npm/vue-validator-manage/1.0.1/package/package.json written
21 silly publish { name: 'vue-validator-manage',
21 silly publish   version: '1.0.1',
21 silly publish   description: '表单验证管理插件',
21 silly publish   main: 'dist/vue-validator-manage.common.js',
21 silly publish   author: { name: 'tangciwei' },
21 silly publish   email: 'tangciwei@baidu.com',
21 silly publish   license: 'ISC',
21 silly publish   devDependencies:
21 silly publish    { 'babel-core': '^6.13.2',
21 silly publish      'babel-loader': '^6.2.4',
21 silly publish      'babel-plugin-transform-runtime': '^6.12.0',
21 silly publish      'babel-preset-es2015': '^6.13.2',
21 silly publish      'babel-runtime': '^6.11.6',
21 silly publish      underscore: '^1.8.3',
21 silly publish      webpack: '^1.13.1' },
21 silly publish   dependencies:
21 silly publish    { vue: '^1.0.26',
21 silly publish      'vue-validator': '^2.1.6',
21 silly publish      underscore: '^1.8.3' },
21 silly publish   readme: '###demo\n\n```\n<h2>验证内容：</h2>\n<my-component v-fieldset="aaa"></my-component>\n<my-component2 v-fieldset="bbb"></my-component2>\n<input type="submit" v-if="validation.valid" @click="submit">\n<h2>验证结果：</h2>\n<pre>{{validation|json}}</pre>\n\n<input type="text" v-validate:username="{\n                   required: { rule: true, message: \'required you name !!\' },\n                   minlength:{rule:1,message:\'最小为1\'}}">\n```\n\n##指令\n\n###v-fieldname\n\n表单提交的name值，配合v-model使用。和v-model的值绑定。\n\n###v-fieldset\n\n表单分组名，每一个业务组件，凡是有需要提交的数据，都需要加这个字段；\n例：\n```\n<my-component v-fieldset="aaa"></my-component>\n```\n\n###validation\n\n####字段验证结果\n\n- valid: 字段有效时返回 true,否则返回 false。\n- invalid: valid 的逆.\n- touched: 字段获得过焦点时返回 true,否则返回 false。\n- untouched: touched 的逆.\n- modified: 字段值与初始值不同时返回 true,否则返回 false。\n- dirty: 字段值改变过至少一次时返回 true,否则返回 false。\n- pristine: dirty 的逆.\n- errors: 字段无效时返回存有错误信息的数据，否则返回 undefined。\n\n####全局结果\n\n- valid: 所有字段都有效时返回 true,否则返回 false。\n- invalid: 只要存在无效字段就返回 true,否则返回 false。\n- touched: 只要存在获得过焦点的字段就返回 true,否则返回 false。\n- untouched: touched 的逆。\n- modified: 只要存在与初始值不同的字段就返回 true,否则返回 false。\n- dirty: 只要存在值改变过至少一次的字段就返回 true,否则返回 false。\n- pristine: 所有字段都没有发生过变化时返回 true,否则返回 false。\n```\n{\n  // 整体验证结果\n  "valid": false,\n  "invalid": true,\n  "touched": false,\n  "untouched": true,\n  "dirty": false,\n  "pristine": true,\n  "modified": false,\n  // 表单需要提交的数据\n  "data": {\n    "username": "111",\n  },\n  // fieldset==\'aaa\'字段的验证结果\n  "aaa": {\n    "valid": false,\n    "invalid": true,\n    "touched": false,\n    "untouched": true,\n    "modified": false,\n    "dirty": false,\n    "pristine": true,\n    "errors": [ \n      {\n        "field": "username2",\n        "validator": "required",\n        "message": "required you name !!"\n      }\n    ]\n  },\n}\n```\n\n###方法\n\n- getFieldsData\n获得需要提交的表单数据，数据已经格式化好了,每一个数据都使用了trim方法去掉了前后空格\n\n###事件名\n\n- form-valid\n表单验证通过时触发\n\n其余的顾名思义\n-  \'form-invalid\';\n- \'form-touched\';\n- \'form-untouched\';\n- \'form-dirty\';\n- \'form-pristine\';\n-  \'form-modified\';',
21 silly publish   readmeFilename: 'README.md',
21 silly publish   gitHead: 'ec852192be4438ae95027d56770652c4ccf9880b',
21 silly publish   _id: 'vue-validator-manage@1.0.1',
21 silly publish   scripts: {},
21 silly publish   _shasum: 'ed62f9071d4d6e9f443455694f3e0a94948c92f3',
21 silly publish   _from: '.' }
22 verbose getPublishConfig undefined
23 silly mapToRegistry name vue-validator-manage
24 silly mapToRegistry using default registry
25 silly mapToRegistry registry https://registry.npmjs.org/
26 silly mapToRegistry data Result {
26 silly mapToRegistry   raw: 'vue-validator-manage',
26 silly mapToRegistry   scope: null,
26 silly mapToRegistry   name: 'vue-validator-manage',
26 silly mapToRegistry   rawSpec: '',
26 silly mapToRegistry   spec: 'latest',
26 silly mapToRegistry   type: 'tag' }
27 silly mapToRegistry uri https://registry.npmjs.org/vue-validator-manage
28 verbose publish registryBase https://registry.npmjs.org/
29 silly publish uploading /Users/tangciwei/.npm/vue-validator-manage/1.0.1/package.tgz
30 verbose request uri https://registry.npmjs.org/vue-validator-manage
31 verbose request sending authorization for write operation
32 info attempt registry request try #1 at 10:58:10
33 verbose request using bearer token for auth
34 verbose request id 615d5b8b17e40490
35 http request PUT https://registry.npmjs.org/vue-validator-manage
36 http 403 https://registry.npmjs.org/vue-validator-manage
37 verbose headers { 'content-type': 'application/json',
37 verbose headers   'cache-control': 'max-age=300',
37 verbose headers   'content-length': '95',
37 verbose headers   'accept-ranges': 'bytes',
37 verbose headers   date: 'Wed, 07 Sep 2016 02:58:11 GMT',
37 verbose headers   via: '1.1 varnish',
37 verbose headers   connection: 'keep-alive',
37 verbose headers   'x-served-by': 'cache-itm7423-ITM',
37 verbose headers   'x-cache': 'MISS',
37 verbose headers   'x-cache-hits': '0',
37 verbose headers   'x-timer': 'S1473217090.745667,VS0,VE906',
37 verbose headers   vary: 'Accept-Encoding' }
38 verbose request invalidating /Users/tangciwei/.npm/registry.npmjs.org/vue-validator-manage on PUT
39 error publish Failed PUT 403
40 verbose stack Error: "You cannot publish over the previously published version 1.0.1." : vue-validator-manage
40 verbose stack     at makeError (/usr/local/lib/node_modules/npm/node_modules/npm-registry-client/lib/request.js:264:12)
40 verbose stack     at CachingRegistryClient.<anonymous> (/usr/local/lib/node_modules/npm/node_modules/npm-registry-client/lib/request.js:252:14)
40 verbose stack     at Request._callback (/usr/local/lib/node_modules/npm/node_modules/npm-registry-client/lib/request.js:172:14)
40 verbose stack     at Request.self.callback (/usr/local/lib/node_modules/npm/node_modules/request/request.js:200:22)
40 verbose stack     at emitTwo (events.js:87:13)
40 verbose stack     at Request.emit (events.js:172:7)
40 verbose stack     at Request.<anonymous> (/usr/local/lib/node_modules/npm/node_modules/request/request.js:1067:10)
40 verbose stack     at emitOne (events.js:82:20)
40 verbose stack     at Request.emit (events.js:169:7)
40 verbose stack     at IncomingMessage.<anonymous> (/usr/local/lib/node_modules/npm/node_modules/request/request.js:988:12)
41 verbose statusCode 403
42 verbose pkgid vue-validator-manage
43 verbose cwd /Users/tangciwei/work/github/vue-validator-manage
44 error Darwin 15.6.0
45 error argv "/usr/local/bin/node" "/usr/local/bin/npm" "publish"
46 error node v4.4.5
47 error npm  v3.9.5
48 error code E403
49 error "You cannot publish over the previously published version 1.0.1." : vue-validator-manage
50 error If you need help, you may report this error at:
50 error     <https://github.com/npm/npm/issues>
51 verbose exit [ 1, true ]
